  Source.cpp
C:\Users\msasd\OneDrive\Desktop\Vs Code\Semester 3\Data st\Assignment 2\Source.cpp(61,25): warning C4244: '=': conversion from '_Tp' to 'int', possible loss of data
          with
          [
              _Tp=double
          ]
C:\Users\msasd\OneDrive\Desktop\Vs Code\Semester 3\Data st\Assignment 2\Source.cpp(62,23): warning C4244: '=': conversion from '_Tp' to 'int', possible loss of data
          with
          [
              _Tp=double
          ]
C:\Users\msasd\OneDrive\Desktop\Vs Code\Semester 3\Data st\Assignment 2\Source.cpp(63,23): warning C4244: '=': conversion from '_Tp' to 'int', possible loss of data
          with
          [
              _Tp=double
          ]
C:\Users\msasd\OneDrive\Desktop\Vs Code\Semester 3\Data st\Assignment 2\Source.cpp(64,23): warning C4244: '=': conversion from '_Tp' to 'int', possible loss of data
          with
          [
              _Tp=double
          ]
C:\Users\msasd\OneDrive\Desktop\Vs Code\Semester 3\Data st\Assignment 2\Source.cpp(196,26): warning C4244: '=': conversion from '_Tp' to 'int', possible loss of data
          with
          [
              _Tp=double
          ]
C:\Users\msasd\OneDrive\Desktop\Vs Code\Semester 3\Data st\Assignment 2\Source.cpp(821,46): warning C4267: '+=': conversion from 'size_t' to 'int', possible loss of data
C:\Users\msasd\OneDrive\Desktop\Vs Code\Semester 3\Data st\Assignment 2\Source.cpp(836,46): warning C4267: '+=': conversion from 'size_t' to 'int', possible loss of data
C:\Users\msasd\OneDrive\Desktop\Vs Code\Semester 3\Data st\Assignment 2\Source.cpp(843,46): warning C4267: '+=': conversion from 'size_t' to 'int', possible loss of data
C:\Users\msasd\OneDrive\Desktop\Vs Code\Semester 3\Data st\Assignment 2\Source.cpp(865,46): warning C4267: '+=': conversion from 'size_t' to 'int', possible loss of data
  Generating code
  Previous IPDB and IOBJ mismatch, fall back to full compilation.
C:\Users\msasd\OneDrive\Desktop\Vs Code\Semester 3\Data st\Assignment 2\Source.cpp(759): warning C4715: 'getText': not all control paths return a value
  All 338 functions were compiled because no usable IPDB/IOBJ from previous compilation was found.
  Finished generating code
  Assignment 2.vcxproj -> C:\Users\msasd\OneDrive\Desktop\Vs Code\Semester 3\Data st\Assignment 2\x64\Release\Assignment 2.exe
