  Source.cpp
C:\Users\msasd\OneDrive\Desktop\Vs Code\Semester 3\Data st\Assignment 1\Source.cpp(77,19): warning C4244: '=': conversion from '_Tp' to 'int', possible loss of data
          with
          [
              _Tp=double
          ]
C:\Users\msasd\OneDrive\Desktop\Vs Code\Semester 3\Data st\Assignment 1\Source.cpp(107,19): warning C4244: '=': conversion from '_Tp' to 'int', possible loss of data
          with
          [
              _Tp=double
          ]
C:\Users\msasd\OneDrive\Desktop\Vs Code\Semester 3\Data st\Assignment 1\Source.cpp(219,10): warning C4244: '=': conversion from 'int' to 'float', possible loss of data
C:\Users\msasd\OneDrive\Desktop\Vs Code\Semester 3\Data st\Assignment 1\Source.cpp(220,10): warning C4244: '=': conversion from 'int' to 'float', possible loss of data
C:\Users\msasd\OneDrive\Desktop\Vs Code\Semester 3\Data st\Assignment 1\Source.cpp(226,9): warning C4244: '=': conversion from 'int' to 'float', possible loss of data
C:\Users\msasd\OneDrive\Desktop\Vs Code\Semester 3\Data st\Assignment 1\Source.cpp(227,9): warning C4244: '=': conversion from 'int' to 'float', possible loss of data
C:\Users\msasd\OneDrive\Desktop\Vs Code\Semester 3\Data st\Assignment 1\Source.cpp(232,15): warning C4244: 'initializing': conversion from 'float' to 'int', possible loss of data
C:\Users\msasd\OneDrive\Desktop\Vs Code\Semester 3\Data st\Assignment 1\Source.cpp(235,16): warning C4244: 'initializing': conversion from 'float' to 'int', possible loss of data
  Generating code
C:\Program Files\Microsoft Visual Studio\2022\Community\MSBuild\Microsoft\VC\v170\Microsoft.CppCommon.targets(1094,5): error MSB6006: "link.exe" exited with code 1257.
c:\users\msasd\onedrive\desktop\vs code\semester 3\data st\assignment 1\source.cpp : fatal error C1301: error accessing program database x64\Release\Assignment 1.ipdb, invalid format, please delete and rebuild
LINK : fatal error LNK1257: code generation failed
